kmp/composeApp/build/intermediates/manifest_merge_blame_file/debug/processDebugMainManifest/manifest-merger-blame-debug-report.txt
1<?xml version="1.0" encoding="utf-8"?>
2<manifest xmlns:android="http://schemas.android.com/apk/res/android"
3    package="com.anews"
4    android:versionCode="1"
5    android:versionName="1.0" >
6
7    <uses-sdk
8        android:minSdkVersion="26"
9        android:targetSdkVersion="35" />
10
11    <uses-permission android:name="android.permission.INTERNET" />
11-->src/androidMain/AndroidManifest.xml:4:5-67
11-->src/androidMain/AndroidManifest.xml:4:22-64
12
13    <permission
13-->[androidx.core:core:1.15.0] AndroidManifest.xml:22:5-24:47
14        android:name="com.anews.DYNAMIC_RECEIVER_NOT_EXPORTED_PERMISSION"
14-->[androidx.core:core:1.15.0] AndroidManifest.xml:23:9-81
15        android:protectionLevel="signature" />
15-->[androidx.core:core:1.15.0] AndroidManifest.xml:24:9-44
16
17    <uses-permission android:name="com.anews.DYNAMIC_RECEIVER_NOT_EXPORTED_PERMISSION" />
17-->[androidx.core:core:1.15.0] AndroidManifest.xml:26:5-97
17-->[androidx.core:core:1.15.0] AndroidManifest.xml:26:22-94
18
19    <application
19-->src/androidMain/AndroidManifest.xml:6:5-21:19
20        android:appComponentFactory="androidx.core.app.CoreComponentFactory"
20-->[androidx.core:core:1.15.0] AndroidManifest.xml:28:18-86
21        android:debuggable="true"
22        android:extractNativeLibs="false"
23        android:label="ANews"
23-->src/androidMain/AndroidManifest.xml:7:9-30
24        android:networkSecurityConfig="@xml/network_security_config"
24-->src/androidMain/AndroidManifest.xml:9:9-69
25        android:theme="@android:style/Theme.Material.NoActionBar" >
25-->src/androidMain/AndroidManifest.xml:8:9-66
26        <activity
26-->src/androidMain/AndroidManifest.xml:11:9-19:20
27            android:name="com.anews.MainActivity"
27-->src/androidMain/AndroidManifest.xml:12:13-41
28            android:configChanges="orientation|screenSize|screenLayout|keyboardHidden"
28-->src/androidMain/AndroidManifest.xml:14:13-87
29            android:exported="true" >
29-->src/androidMain/AndroidManifest.xml:13:13-36
30            <intent-filter>
30-->src/androidMain/AndroidManifest.xml:15:13-18:29
31                <action android:name="android.intent.action.MAIN" />
31-->src/androidMain/AndroidManifest.xml:16:17-69
31-->src/androidMain/AndroidManifest.xml:16:25-66
32
33                <category android:name="android.intent.category.LAUNCHER" />
33-->src/androidMain/AndroidManifest.xml:17:17-77
33-->src/androidMain/AndroidManifest.xml:17:27-74
34            </intent-filter>
35        </activity>
36
37        <provider
37-->[org.jetbrains.compose.components:components-resources-android:1.7.3] AndroidManifest.xml:8:9-13:20
38            android:name="org.jetbrains.compose.resources.AndroidContextProvider"
38-->[org.jetbrains.compose.components:components-resources-android:1.7.3] AndroidManifest.xml:9:13-82
39            android:authorities="com.anews.resources.AndroidContextProvider"
39-->[org.jetbrains.compose.components:components-resources-android:1.7.3] AndroidManifest.xml:10:13-84
40            android:enabled="true"
40-->[org.jetbrains.compose.components:components-resources-android:1.7.3] AndroidManifest.xml:11:13-35
41            android:exported="false" >
41-->[org.jetbrains.compose.components:components-resources-android:1.7.3] AndroidManifest.xml:12:13-37
42        </provider>
43        <provider
43-->[androidx.emoji2:emoji2:1.3.0] AndroidManifest.xml:24:9-32:20
44            android:name="androidx.startup.InitializationProvider"
44-->[androidx.emoji2:emoji2:1.3.0] AndroidManifest.xml:25:13-67
45            android:authorities="com.anews.androidx-startup"
45-->[androidx.emoji2:emoji2:1.3.0] AndroidManifest.xml:26:13-68
46            android:exported="false" >
46-->[androidx.emoji2:emoji2:1.3.0] AndroidManifest.xml:27:13-37
47            <meta-data
47-->[androidx.emoji2:emoji2:1.3.0] AndroidManifest.xml:29:13-31:52
48                android:name="androidx.emoji2.text.EmojiCompatInitializer"
48-->[androidx.emoji2:emoji2:1.3.0] AndroidManifest.xml:30:17-75
49                android:value="androidx.startup" />
49-->[androidx.emoji2:emoji2:1.3.0] AndroidManifest.xml:31:17-49
50            <meta-data
50-->[androidx.lifecycle:lifecycle-process:2.8.7] AndroidManifest.xml:29:13-31:52
51                android:name="androidx.lifecycle.ProcessLifecycleInitializer"
51-->[androidx.lifecycle:lifecycle-process:2.8.7] AndroidManifest.xml:30:17-78
52                android:value="androidx.startup" />
52-->[androidx.lifecycle:lifecycle-process:2.8.7] AndroidManifest.xml:31:17-49
53            <meta-data
53-->[androidx.profileinstaller:profileinstaller:1.4.0] AndroidManifest.xml:29:13-31:52
54                android:name="androidx.profileinstaller.ProfileInstallerInitializer"
54-->[androidx.profileinstaller:profileinstaller:1.4.0] AndroidManifest.xml:30:17-85
55                android:value="androidx.startup" />
55-->[androidx.profileinstaller:profileinstaller:1.4.0] AndroidManifest.xml:31:17-49
56        </provider>
57
58        <receiver
58-->[androidx.profileinstaller:profileinstaller:1.4.0] AndroidManifest.xml:34:9-52:20
59            android:name="androidx.profileinstaller.ProfileInstallReceiver"
59-->[androidx.profileinstaller:profileinstaller:1.4.0] AndroidManifest.xml:35:13-76
60            android:directBootAware="false"
60-->[androidx.profileinstaller:profileinstaller:1.4.0] AndroidManifest.xml:36:13-44
61            android:enabled="true"
61-->[androidx.profileinstaller:profileinstaller:1.4.0] AndroidManifest.xml:37:13-35
62            android:exported="true"
62-->[androidx.profileinstaller:profileinstaller:1.4.0] AndroidManifest.xml:38:13-36
63            android:permission="android.permission.DUMP" >
63-->[androidx.profileinstaller:profileinstaller:1.4.0] AndroidManifest.xml:39:13-57
64            <intent-filter>
64-->[androidx.profileinstaller:profileinstaller:1.4.0] AndroidManifest.xml:40:13-42:29
65                <action android:name="androidx.profileinstaller.action.INSTALL_PROFILE" />
65-->[androidx.profileinstaller:profileinstaller:1.4.0] AndroidManifest.xml:41:17-91
65-->[androidx.profileinstaller:profileinstaller:1.4.0] AndroidManifest.xml:41:25-88
66            </intent-filter>
67            <intent-filter>
67-->[androidx.profileinstaller:profileinstaller:1.4.0] AndroidManifest.xml:43:13-45:29
68                <action android:name="androidx.profileinstaller.action.SKIP_FILE" />
68-->[androidx.profileinstaller:profileinstaller:1.4.0] AndroidManifest.xml:44:17-85
68-->[androidx.profileinstaller:profileinstaller:1.4.0] AndroidManifest.xml:44:25-82
69            </intent-filter>
70            <intent-filter>
70-->[androidx.profileinstaller:profileinstaller:1.4.0] AndroidManifest.xml:46:13-48:29
71                <action android:name="androidx.profileinstaller.action.SAVE_PROFILE" />
71-->[androidx.profileinstaller:profileinstaller:1.4.0] AndroidManifest.xml:47:17-88
71-->[androidx.profileinstaller:profileinstaller:1.4.0] AndroidManifest.xml:47:25-85
72            </intent-filter>
73            <intent-filter>
73-->[androidx.profileinstaller:profileinstaller:1.4.0] AndroidManifest.xml:49:13-51:29
74                <action android:name="androidx.profileinstaller.action.BENCHMARK_OPERATION" />
74-->[androidx.profileinstaller:profileinstaller:1.4.0] AndroidManifest.xml:50:17-95
74-->[androidx.profileinstaller:profileinstaller:1.4.0] AndroidManifest.xml:50:25-92
75            </intent-filter>
76        </receiver>
77    </application>
78
79</manifest>